2014/05/04 11:42:59 [error] [php] Use of undefined constant count - assumed 'count' (/mnt/transcend/sites/albums/albums_yii/protected/modules/export/controllers/YaController.php:71)
Stack trace:
#0 /mnt/transcend/php/frameworks/yii/framework/web/CController.php(308): CInlineAction->runWithParams()
#1 /mnt/transcend/php/frameworks/yii/framework/web/CController.php(286): YaController->runAction()
#2 /mnt/transcend/php/frameworks/yii/framework/web/CController.php(265): YaController->runActionWithFilters()
#3 /mnt/transcend/php/frameworks/yii/framework/web/CWebApplication.php(282): YaController->run()
#4 /mnt/transcend/php/frameworks/yii/framework/web/CWebApplication.php(141): CWebApplication->runController()
#5 /mnt/transcend/php/frameworks/yii/framework/base/CApplication.php(180): CWebApplication->processRequest()
#6 /mnt/transcend/sites/albums/albums_yii/index.php(13): CWebApplication->run()
REQUEST_URI=/mnt/transcend/sites/albums/albums_yii/export/ya/get_ya_photos
in /mnt/transcend/sites/albums/albums_yii/protected/modules/export/controllers/YaController.php (71)
in /mnt/transcend/sites/albums/albums_yii/protected/modules/export/controllers/YaController.php (31)
in /mnt/transcend/sites/albums/albums_yii/index.php (13)
2014/05/04 11:43:00 [error] [php] Use of undefined constant count - assumed 'count' (/mnt/transcend/sites/albums/albums_yii/protected/modules/export/controllers/YaController.php:71)
Stack trace:
#0 /mnt/transcend/php/frameworks/yii/framework/web/CController.php(308): CInlineAction->runWithParams()
#1 /mnt/transcend/php/frameworks/yii/framework/web/CController.php(286): YaController->runAction()
#2 /mnt/transcend/php/frameworks/yii/framework/web/CController.php(265): YaController->runActionWithFilters()
#3 /mnt/transcend/php/frameworks/yii/framework/web/CWebApplication.php(282): YaController->run()
#4 /mnt/transcend/php/frameworks/yii/framework/web/CWebApplication.php(141): CWebApplication->runController()
#5 /mnt/transcend/php/frameworks/yii/framework/base/CApplication.php(180): CWebApplication->processRequest()
#6 /mnt/transcend/sites/albums/albums_yii/index.php(13): CWebApplication->run()
REQUEST_URI=/mnt/transcend/sites/albums/albums_yii/export/ya/get_ya_photos
in /mnt/transcend/sites/albums/albums_yii/protected/modules/export/controllers/YaController.php (71)
in /mnt/transcend/sites/albums/albums_yii/protected/modules/export/controllers/YaController.php (31)
in /mnt/transcend/sites/albums/albums_yii/index.php (13)
2014/05/04 11:55:14 [error] [php] Undefined variable: namespaces (/mnt/transcend/sites/albums/albums_yii/protected/modules/export/controllers/YaController.php:80)
Stack trace:
#0 /mnt/transcend/php/frameworks/yii/framework/web/CController.php(308): CInlineAction->runWithParams()
#1 /mnt/transcend/php/frameworks/yii/framework/web/CController.php(286): YaController->runAction()
#2 /mnt/transcend/php/frameworks/yii/framework/web/CController.php(265): YaController->runActionWithFilters()
#3 /mnt/transcend/php/frameworks/yii/framework/web/CWebApplication.php(282): YaController->run()
#4 /mnt/transcend/php/frameworks/yii/framework/web/CWebApplication.php(141): CWebApplication->runController()
#5 /mnt/transcend/php/frameworks/yii/framework/base/CApplication.php(180): CWebApplication->processRequest()
#6 /mnt/transcend/sites/albums/albums_yii/index.php(13): CWebApplication->run()
REQUEST_URI=/mnt/transcend/sites/albums/albums_yii/export/ya/get_ya_photos
in /mnt/transcend/sites/albums/albums_yii/protected/modules/export/controllers/YaController.php (80)
in /mnt/transcend/sites/albums/albums_yii/protected/modules/export/controllers/YaController.php (31)
in /mnt/transcend/sites/albums/albums_yii/index.php (13)
2014/05/04 11:55:14 [error] [php] Undefined variable: namespaces (/mnt/transcend/sites/albums/albums_yii/protected/modules/export/controllers/YaController.php:80)
Stack trace:
#0 /mnt/transcend/php/frameworks/yii/framework/web/CController.php(308): CInlineAction->runWithParams()
#1 /mnt/transcend/php/frameworks/yii/framework/web/CController.php(286): YaController->runAction()
#2 /mnt/transcend/php/frameworks/yii/framework/web/CController.php(265): YaController->runActionWithFilters()
#3 /mnt/transcend/php/frameworks/yii/framework/web/CWebApplication.php(282): YaController->run()
#4 /mnt/transcend/php/frameworks/yii/framework/web/CWebApplication.php(141): CWebApplication->runController()
#5 /mnt/transcend/php/frameworks/yii/framework/base/CApplication.php(180): CWebApplication->processRequest()
#6 /mnt/transcend/sites/albums/albums_yii/index.php(13): CWebApplication->run()
REQUEST_URI=/mnt/transcend/sites/albums/albums_yii/export/ya/get_ya_photos
in /mnt/transcend/sites/albums/albums_yii/protected/modules/export/controllers/YaController.php (80)
in /mnt/transcend/sites/albums/albums_yii/protected/modules/export/controllers/YaController.php (31)
in /mnt/transcend/sites/albums/albums_yii/index.php (13)
2014/05/04 12:00:38 [error] [php] SimpleXMLElement::__construct(): namespace error : Namespace prefix f on uid is not defined (/mnt/transcend/sites/albums/albums_yii/protected/modules/export/controllers/YaController.php:53)
Stack trace:
#0 /mnt/transcend/php/frameworks/yii/framework/web/actions/CInlineAction.php(49): YaController->actionGet_ya_photos()
#1 /mnt/transcend/php/frameworks/yii/framework/web/CController.php(308): CInlineAction->runWithParams()
#2 /mnt/transcend/php/frameworks/yii/framework/web/CController.php(286): YaController->runAction()
#3 /mnt/transcend/php/frameworks/yii/framework/web/CController.php(265): YaController->runActionWithFilters()
#4 /mnt/transcend/php/frameworks/yii/framework/web/CWebApplication.php(282): YaController->run()
#5 /mnt/transcend/php/frameworks/yii/framework/web/CWebApplication.php(141): CWebApplication->runController()
#6 /mnt/transcend/php/frameworks/yii/framework/base/CApplication.php(180): CWebApplication->processRequest()
#7 /mnt/transcend/sites/albums/albums_yii/index.php(13): CWebApplication->run()
REQUEST_URI=/mnt/transcend/sites/albums/albums_yii/export/ya/get_ya_photos
in /mnt/transcend/sites/albums/albums_yii/protected/modules/export/controllers/YaController.php (53)
in /mnt/transcend/sites/albums/albums_yii/protected/modules/export/controllers/YaController.php (31)
in /mnt/transcend/sites/albums/albums_yii/index.php (13)
2014/05/04 12:00:38 [error] [php] SimpleXMLElement::__construct(): namespace error : Namespace prefix f on uid is not defined (/mnt/transcend/sites/albums/albums_yii/protected/modules/export/controllers/YaController.php:53)
Stack trace:
#0 /mnt/transcend/php/frameworks/yii/framework/web/actions/CInlineAction.php(49): YaController->actionGet_ya_photos()
#1 /mnt/transcend/php/frameworks/yii/framework/web/CController.php(308): CInlineAction->runWithParams()
#2 /mnt/transcend/php/frameworks/yii/framework/web/CController.php(286): YaController->runAction()
#3 /mnt/transcend/php/frameworks/yii/framework/web/CController.php(265): YaController->runActionWithFilters()
#4 /mnt/transcend/php/frameworks/yii/framework/web/CWebApplication.php(282): YaController->run()
#5 /mnt/transcend/php/frameworks/yii/framework/web/CWebApplication.php(141): CWebApplication->runController()
#6 /mnt/transcend/php/frameworks/yii/framework/base/CApplication.php(180): CWebApplication->processRequest()
#7 /mnt/transcend/sites/albums/albums_yii/index.php(13): CWebApplication->run()
REQUEST_URI=/mnt/transcend/sites/albums/albums_yii/export/ya/get_ya_photos
in /mnt/transcend/sites/albums/albums_yii/protected/modules/export/controllers/YaController.php (53)
in /mnt/transcend/sites/albums/albums_yii/protected/modules/export/controllers/YaController.php (31)
in /mnt/transcend/sites/albums/albums_yii/index.php (13)
2014/05/04 12:01:41 [error] [php] SimpleXMLElement::__construct(): Entity: line 5: parser error : Opening and ending tag mismatch: f-uid line 5 and f:uid (/mnt/transcend/sites/albums/albums_yii/protected/modules/export/controllers/YaController.php:53)
Stack trace:
#0 /mnt/transcend/php/frameworks/yii/framework/web/actions/CInlineAction.php(49): YaController->actionGet_ya_photos()
#1 /mnt/transcend/php/frameworks/yii/framework/web/CController.php(308): CInlineAction->runWithParams()
#2 /mnt/transcend/php/frameworks/yii/framework/web/CController.php(286): YaController->runAction()
#3 /mnt/transcend/php/frameworks/yii/framework/web/CController.php(265): YaController->runActionWithFilters()
#4 /mnt/transcend/php/frameworks/yii/framework/web/CWebApplication.php(282): YaController->run()
#5 /mnt/transcend/php/frameworks/yii/framework/web/CWebApplication.php(141): CWebApplication->runController()
#6 /mnt/transcend/php/frameworks/yii/framework/base/CApplication.php(180): CWebApplication->processRequest()
#7 /mnt/transcend/sites/albums/albums_yii/index.php(13): CWebApplication->run()
REQUEST_URI=/mnt/transcend/sites/albums/albums_yii/export/ya/get_ya_photos
in /mnt/transcend/sites/albums/albums_yii/protected/modules/export/controllers/YaController.php (53)
in /mnt/transcend/sites/albums/albums_yii/protected/modules/export/controllers/YaController.php (31)
in /mnt/transcend/sites/albums/albums_yii/index.php (13)
2014/05/04 12:01:42 [error] [php] SimpleXMLElement::__construct(): Entity: line 5: parser error : Opening and ending tag mismatch: f-uid line 5 and f:uid (/mnt/transcend/sites/albums/albums_yii/protected/modules/export/controllers/YaController.php:53)
Stack trace:
#0 /mnt/transcend/php/frameworks/yii/framework/web/actions/CInlineAction.php(49): YaController->actionGet_ya_photos()
#1 /mnt/transcend/php/frameworks/yii/framework/web/CController.php(308): CInlineAction->runWithParams()
#2 /mnt/transcend/php/frameworks/yii/framework/web/CController.php(286): YaController->runAction()
#3 /mnt/transcend/php/frameworks/yii/framework/web/CController.php(265): YaController->runActionWithFilters()
#4 /mnt/transcend/php/frameworks/yii/framework/web/CWebApplication.php(282): YaController->run()
#5 /mnt/transcend/php/frameworks/yii/framework/web/CWebApplication.php(141): CWebApplication->runController()
#6 /mnt/transcend/php/frameworks/yii/framework/base/CApplication.php(180): CWebApplication->processRequest()
#7 /mnt/transcend/sites/albums/albums_yii/index.php(13): CWebApplication->run()
REQUEST_URI=/mnt/transcend/sites/albums/albums_yii/export/ya/get_ya_photos
in /mnt/transcend/sites/albums/albums_yii/protected/modules/export/controllers/YaController.php (53)
in /mnt/transcend/sites/albums/albums_yii/protected/modules/export/controllers/YaController.php (31)
in /mnt/transcend/sites/albums/albums_yii/index.php (13)
2014/05/04 12:24:58 [error] [php] Undefined variable:  (/mnt/transcend/sites/albums/albums_yii/protected/modules/export/controllers/YaController.php:86)
Stack trace:
#0 /mnt/transcend/php/frameworks/yii/framework/web/CController.php(308): CInlineAction->runWithParams()
#1 /mnt/transcend/php/frameworks/yii/framework/web/CController.php(286): YaController->runAction()
#2 /mnt/transcend/php/frameworks/yii/framework/web/CController.php(265): YaController->runActionWithFilters()
#3 /mnt/transcend/php/frameworks/yii/framework/web/CWebApplication.php(282): YaController->run()
#4 /mnt/transcend/php/frameworks/yii/framework/web/CWebApplication.php(141): CWebApplication->runController()
#5 /mnt/transcend/php/frameworks/yii/framework/base/CApplication.php(180): CWebApplication->processRequest()
#6 /mnt/transcend/sites/albums/albums_yii/index.php(13): CWebApplication->run()
REQUEST_URI=/mnt/transcend/sites/albums/albums_yii/export/ya/get_ya_photos
in /mnt/transcend/sites/albums/albums_yii/protected/modules/export/controllers/YaController.php (86)
in /mnt/transcend/sites/albums/albums_yii/protected/modules/export/controllers/YaController.php (31)
in /mnt/transcend/sites/albums/albums_yii/index.php (13)
2014/05/04 12:24:59 [error] [php] Undefined variable:  (/mnt/transcend/sites/albums/albums_yii/protected/modules/export/controllers/YaController.php:86)
Stack trace:
#0 /mnt/transcend/php/frameworks/yii/framework/web/CController.php(308): CInlineAction->runWithParams()
#1 /mnt/transcend/php/frameworks/yii/framework/web/CController.php(286): YaController->runAction()
#2 /mnt/transcend/php/frameworks/yii/framework/web/CController.php(265): YaController->runActionWithFilters()
#3 /mnt/transcend/php/frameworks/yii/framework/web/CWebApplication.php(282): YaController->run()
#4 /mnt/transcend/php/frameworks/yii/framework/web/CWebApplication.php(141): CWebApplication->runController()
#5 /mnt/transcend/php/frameworks/yii/framework/base/CApplication.php(180): CWebApplication->processRequest()
#6 /mnt/transcend/sites/albums/albums_yii/index.php(13): CWebApplication->run()
REQUEST_URI=/mnt/transcend/sites/albums/albums_yii/export/ya/get_ya_photos
in /mnt/transcend/sites/albums/albums_yii/protected/modules/export/controllers/YaController.php (86)
in /mnt/transcend/sites/albums/albums_yii/protected/modules/export/controllers/YaController.php (31)
in /mnt/transcend/sites/albums/albums_yii/index.php (13)
2014/05/04 12:25:18 [error] [php] Use of undefined constant count - assumed 'count' (/mnt/transcend/sites/albums/albums_yii/protected/modules/export/controllers/YaController.php:86)
Stack trace:
#0 /mnt/transcend/php/frameworks/yii/framework/web/CController.php(308): CInlineAction->runWithParams()
#1 /mnt/transcend/php/frameworks/yii/framework/web/CController.php(286): YaController->runAction()
#2 /mnt/transcend/php/frameworks/yii/framework/web/CController.php(265): YaController->runActionWithFilters()
#3 /mnt/transcend/php/frameworks/yii/framework/web/CWebApplication.php(282): YaController->run()
#4 /mnt/transcend/php/frameworks/yii/framework/web/CWebApplication.php(141): CWebApplication->runController()
#5 /mnt/transcend/php/frameworks/yii/framework/base/CApplication.php(180): CWebApplication->processRequest()
#6 /mnt/transcend/sites/albums/albums_yii/index.php(13): CWebApplication->run()
REQUEST_URI=/mnt/transcend/sites/albums/albums_yii/export/ya/get_ya_photos
in /mnt/transcend/sites/albums/albums_yii/protected/modules/export/controllers/YaController.php (86)
in /mnt/transcend/sites/albums/albums_yii/protected/modules/export/controllers/YaController.php (31)
in /mnt/transcend/sites/albums/albums_yii/index.php (13)
2014/05/04 12:25:18 [error] [php] Use of undefined constant count - assumed 'count' (/mnt/transcend/sites/albums/albums_yii/protected/modules/export/controllers/YaController.php:86)
Stack trace:
#0 /mnt/transcend/php/frameworks/yii/framework/web/CController.php(308): CInlineAction->runWithParams()
#1 /mnt/transcend/php/frameworks/yii/framework/web/CController.php(286): YaController->runAction()
#2 /mnt/transcend/php/frameworks/yii/framework/web/CController.php(265): YaController->runActionWithFilters()
#3 /mnt/transcend/php/frameworks/yii/framework/web/CWebApplication.php(282): YaController->run()
#4 /mnt/transcend/php/frameworks/yii/framework/web/CWebApplication.php(141): CWebApplication->runController()
#5 /mnt/transcend/php/frameworks/yii/framework/base/CApplication.php(180): CWebApplication->processRequest()
#6 /mnt/transcend/sites/albums/albums_yii/index.php(13): CWebApplication->run()
REQUEST_URI=/mnt/transcend/sites/albums/albums_yii/export/ya/get_ya_photos
in /mnt/transcend/sites/albums/albums_yii/protected/modules/export/controllers/YaController.php (86)
in /mnt/transcend/sites/albums/albums_yii/protected/modules/export/controllers/YaController.php (31)
in /mnt/transcend/sites/albums/albums_yii/index.php (13)
2014/12/07 12:19:51 [error] [php] Undefined variable: child_termins (/mnt/terra/clouds/Dropbox/Public/sites/albums/albums_yii/protected/views/node/index.php:25)
Stack trace:
#0 /mnt/terra/clouds/Dropbox/Public/sites/php/frameworks/yii/framework/web/CController.php(869): NodeController->renderFile()
#1 /mnt/terra/clouds/Dropbox/Public/sites/php/frameworks/yii/framework/web/CController.php(782): NodeController->renderPartial()
#2 /mnt/terra/clouds/Dropbox/Public/sites/albums/albums_yii/protected/controllers/NodeController.php(153): NodeController->render()
#3 /mnt/terra/clouds/Dropbox/Public/sites/php/frameworks/yii/framework/web/actions/CInlineAction.php(49): NodeController->actionIndex()
#4 /mnt/terra/clouds/Dropbox/Public/sites/php/frameworks/yii/framework/web/CController.php(308): CInlineAction->runWithParams()
#5 /mnt/terra/clouds/Dropbox/Public/sites/php/frameworks/yii/framework/web/filters/CFilterChain.php(133): NodeController->runAction()
#6 /mnt/terra/clouds/Dropbox/Public/sites/php/frameworks/yii/framework/web/filters/CFilter.php(40): CFilterChain->run()
#7 /mnt/terra/clouds/Dropbox/Public/sites/php/frameworks/yii/framework/web/CController.php(1145): CAccessControlFilter->filter()
#8 /mnt/terra/clouds/Dropbox/Public/sites/php/frameworks/yii/framework/web/filters/CInlineFilter.php(58): NodeController->filterAccessControl()
#9 /mnt/terra/clouds/Dropbox/Public/sites/php/frameworks/yii/framework/web/filters/CFilterChain.php(130): CInlineFilter->filter()
#10 /mnt/terra/clouds/Dropbox/Public/sites/php/frameworks/yii/framework/web/CController.php(291): CFilterChain->run()
#11 /mnt/terra/clouds/Dropbox/Public/sites/php/frameworks/yii/framework/web/CController.php(265): NodeController->runActionWithFilters()
#12 /mnt/terra/clouds/Dropbox/Public/sites/php/frameworks/yii/framework/web/CWebApplication.php(282): NodeController->run()
#13 /mnt/terra/clouds/Dropbox/Public/sites/php/frameworks/yii/framework/web/CWebApplication.php(141): CWebApplication->runController()
#14 /mnt/terra/clouds/Dropbox/Public/sites/php/frameworks/yii/framework/base/CApplication.php(180): CWebApplication->processRequest()
#15 /mnt/terra/clouds/Dropbox/Public/sites/albums/albums_yii/index.php(14): CWebApplication->run()
REQUEST_URI=/mnt/terra/clouds/Dropbox/Public/sites/albums/albums_yii/node
in /mnt/terra/clouds/Dropbox/Public/sites/albums/albums_yii/protected/views/node/index.php (25)
in /mnt/terra/clouds/Dropbox/Public/sites/albums/albums_yii/protected/controllers/NodeController.php (153)
in /mnt/terra/clouds/Dropbox/Public/sites/albums/albums_yii/index.php (14)
2015/06/08 10:41:08 [error] [php] Undefined variable: child_termins (/mnt/terra/clouds/Dropbox/Public/sites/albums/albums_yii/protected/views/node/index.php:25)
Stack trace:
#0 /mnt/terra/clouds/Dropbox/Public/sites/php/frameworks/yii/framework/web/CController.php(869): NodeController->renderFile()
#1 /mnt/terra/clouds/Dropbox/Public/sites/php/frameworks/yii/framework/web/CController.php(782): NodeController->renderPartial()
#2 /mnt/terra/clouds/Dropbox/Public/sites/albums/albums_yii/protected/controllers/NodeController.php(153): NodeController->render()
#3 /mnt/terra/clouds/Dropbox/Public/sites/php/frameworks/yii/framework/web/actions/CInlineAction.php(49): NodeController->actionIndex()
#4 /mnt/terra/clouds/Dropbox/Public/sites/php/frameworks/yii/framework/web/CController.php(308): CInlineAction->runWithParams()
#5 /mnt/terra/clouds/Dropbox/Public/sites/php/frameworks/yii/framework/web/filters/CFilterChain.php(133): NodeController->runAction()
#6 /mnt/terra/clouds/Dropbox/Public/sites/php/frameworks/yii/framework/web/filters/CFilter.php(40): CFilterChain->run()
#7 /mnt/terra/clouds/Dropbox/Public/sites/php/frameworks/yii/framework/web/CController.php(1145): CAccessControlFilter->filter()
#8 /mnt/terra/clouds/Dropbox/Public/sites/php/frameworks/yii/framework/web/filters/CInlineFilter.php(58): NodeController->filterAccessControl()
#9 /mnt/terra/clouds/Dropbox/Public/sites/php/frameworks/yii/framework/web/filters/CFilterChain.php(130): CInlineFilter->filter()
#10 /mnt/terra/clouds/Dropbox/Public/sites/php/frameworks/yii/framework/web/CController.php(291): CFilterChain->run()
#11 /mnt/terra/clouds/Dropbox/Public/sites/php/frameworks/yii/framework/web/CController.php(265): NodeController->runActionWithFilters()
#12 /mnt/terra/clouds/Dropbox/Public/sites/php/frameworks/yii/framework/web/CWebApplication.php(282): NodeController->run()
#13 /mnt/terra/clouds/Dropbox/Public/sites/php/frameworks/yii/framework/web/CWebApplication.php(141): CWebApplication->runController()
#14 /mnt/terra/clouds/Dropbox/Public/sites/php/frameworks/yii/framework/base/CApplication.php(180): CWebApplication->processRequest()
#15 /mnt/terra/clouds/Dropbox/Public/sites/albums/albums_yii/index.php(14): CWebApplication->run()
REQUEST_URI=/mnt/terra/clouds/Dropbox/Public/sites/albums/albums_yii/node/index
in /mnt/terra/clouds/Dropbox/Public/sites/albums/albums_yii/protected/views/node/index.php (25)
in /mnt/terra/clouds/Dropbox/Public/sites/albums/albums_yii/protected/controllers/NodeController.php (153)
in /mnt/terra/clouds/Dropbox/Public/sites/albums/albums_yii/index.php (14)
2015/06/09 11:55:11 [error] [php] Undefined variable: child_termins (/mnt/terra/clouds/Dropbox/Public/sites/albums/albums_yii/protected/views/node/index.php:25)
Stack trace:
#0 /mnt/terra/clouds/Dropbox/Public/sites/php/frameworks/yii/framework/web/CController.php(869): NodeController->renderFile()
#1 /mnt/terra/clouds/Dropbox/Public/sites/php/frameworks/yii/framework/web/CController.php(782): NodeController->renderPartial()
#2 /mnt/terra/clouds/Dropbox/Public/sites/albums/albums_yii/protected/controllers/NodeController.php(153): NodeController->render()
#3 /mnt/terra/clouds/Dropbox/Public/sites/php/frameworks/yii/framework/web/actions/CInlineAction.php(49): NodeController->actionIndex()
#4 /mnt/terra/clouds/Dropbox/Public/sites/php/frameworks/yii/framework/web/CController.php(308): CInlineAction->runWithParams()
#5 /mnt/terra/clouds/Dropbox/Public/sites/php/frameworks/yii/framework/web/filters/CFilterChain.php(133): NodeController->runAction()
#6 /mnt/terra/clouds/Dropbox/Public/sites/php/frameworks/yii/framework/web/filters/CFilter.php(40): CFilterChain->run()
#7 /mnt/terra/clouds/Dropbox/Public/sites/php/frameworks/yii/framework/web/CController.php(1145): CAccessControlFilter->filter()
#8 /mnt/terra/clouds/Dropbox/Public/sites/php/frameworks/yii/framework/web/filters/CInlineFilter.php(58): NodeController->filterAccessControl()
#9 /mnt/terra/clouds/Dropbox/Public/sites/php/frameworks/yii/framework/web/filters/CFilterChain.php(130): CInlineFilter->filter()
#10 /mnt/terra/clouds/Dropbox/Public/sites/php/frameworks/yii/framework/web/CController.php(291): CFilterChain->run()
#11 /mnt/terra/clouds/Dropbox/Public/sites/php/frameworks/yii/framework/web/CController.php(265): NodeController->runActionWithFilters()
#12 /mnt/terra/clouds/Dropbox/Public/sites/php/frameworks/yii/framework/web/CWebApplication.php(282): NodeController->run()
#13 /mnt/terra/clouds/Dropbox/Public/sites/php/frameworks/yii/framework/web/CWebApplication.php(141): CWebApplication->runController()
#14 /mnt/terra/clouds/Dropbox/Public/sites/php/frameworks/yii/framework/base/CApplication.php(180): CWebApplication->processRequest()
#15 /mnt/terra/clouds/Dropbox/Public/sites/albums/albums_yii/index.php(14): CWebApplication->run()
REQUEST_URI=/mnt/terra/clouds/Dropbox/Public/sites/albums/albums_yii/node
in /mnt/terra/clouds/Dropbox/Public/sites/albums/albums_yii/protected/views/node/index.php (25)
in /mnt/terra/clouds/Dropbox/Public/sites/albums/albums_yii/protected/controllers/NodeController.php (153)
in /mnt/terra/clouds/Dropbox/Public/sites/albums/albums_yii/index.php (14)
2015/06/09 11:58:28 [error] [php] Undefined variable: child_termins (/mnt/terra/clouds/Dropbox/Public/sites/albums/albums_yii/protected/views/node/index.php:25)
Stack trace:
#0 /mnt/terra/clouds/Dropbox/Public/sites/php/frameworks/yii/framework/web/CController.php(869): NodeController->renderFile()
#1 /mnt/terra/clouds/Dropbox/Public/sites/php/frameworks/yii/framework/web/CController.php(782): NodeController->renderPartial()
#2 /mnt/terra/clouds/Dropbox/Public/sites/albums/albums_yii/protected/controllers/NodeController.php(153): NodeController->render()
#3 /mnt/terra/clouds/Dropbox/Public/sites/php/frameworks/yii/framework/web/actions/CInlineAction.php(49): NodeController->actionIndex()
#4 /mnt/terra/clouds/Dropbox/Public/sites/php/frameworks/yii/framework/web/CController.php(308): CInlineAction->runWithParams()
#5 /mnt/terra/clouds/Dropbox/Public/sites/php/frameworks/yii/framework/web/filters/CFilterChain.php(133): NodeController->runAction()
#6 /mnt/terra/clouds/Dropbox/Public/sites/php/frameworks/yii/framework/web/filters/CFilter.php(40): CFilterChain->run()
#7 /mnt/terra/clouds/Dropbox/Public/sites/php/frameworks/yii/framework/web/CController.php(1145): CAccessControlFilter->filter()
#8 /mnt/terra/clouds/Dropbox/Public/sites/php/frameworks/yii/framework/web/filters/CInlineFilter.php(58): NodeController->filterAccessControl()
#9 /mnt/terra/clouds/Dropbox/Public/sites/php/frameworks/yii/framework/web/filters/CFilterChain.php(130): CInlineFilter->filter()
#10 /mnt/terra/clouds/Dropbox/Public/sites/php/frameworks/yii/framework/web/CController.php(291): CFilterChain->run()
#11 /mnt/terra/clouds/Dropbox/Public/sites/php/frameworks/yii/framework/web/CController.php(265): NodeController->runActionWithFilters()
#12 /mnt/terra/clouds/Dropbox/Public/sites/php/frameworks/yii/framework/web/CWebApplication.php(282): NodeController->run()
#13 /mnt/terra/clouds/Dropbox/Public/sites/php/frameworks/yii/framework/web/CWebApplication.php(141): CWebApplication->runController()
#14 /mnt/terra/clouds/Dropbox/Public/sites/php/frameworks/yii/framework/base/CApplication.php(180): CWebApplication->processRequest()
#15 /mnt/terra/clouds/Dropbox/Public/sites/albums/albums_yii/index.php(14): CWebApplication->run()
REQUEST_URI=/mnt/terra/clouds/Dropbox/Public/sites/albums/albums_yii/node
in /mnt/terra/clouds/Dropbox/Public/sites/albums/albums_yii/protected/views/node/index.php (25)
in /mnt/terra/clouds/Dropbox/Public/sites/albums/albums_yii/protected/controllers/NodeController.php (153)
in /mnt/terra/clouds/Dropbox/Public/sites/albums/albums_yii/index.php (14)
2015/11/22 11:30:31 [error] [exception.CDbException] exception 'CDbException' with message 'CDbConnection failed to open the DB connection: SQLSTATE[42000] [1049] Unknown database 'albums'' in /mnt/terra/clouds/0_data/sites/php/frameworks/yii/framework/db/CDbConnection.php:382
Stack trace:
#0 /mnt/terra/clouds/0_data/sites/php/frameworks/yii/framework/db/CDbConnection.php(330): CDbConnection->open()
#1 /mnt/terra/clouds/0_data/sites/php/frameworks/yii/framework/db/CDbConnection.php(308): CDbConnection->setActive(true)
#2 /mnt/terra/clouds/0_data/sites/php/frameworks/yii/framework/base/CModule.php(387): CDbConnection->init()
#3 /mnt/terra/clouds/0_data/sites/php/frameworks/yii/framework/base/CApplication.php(450): CModule->getComponent('db')
#4 /mnt/terra/clouds/0_data/sites/php/frameworks/yii/framework/db/ar/CActiveRecord.php(634): CApplication->getDb()
#5 /mnt/terra/clouds/0_data/sites/php/frameworks/yii/framework/db/ar/CActiveRecord.php(667): CActiveRecord->getDbConnection()
#6 /mnt/terra/clouds/0_data/sites/php/frameworks/yii/framework/db/ar/CActiveRecord.php(1595): CActiveRecord->getCommandBuilder()
#7 /mnt/terra/clouds/0_data/sites/graphic-art-collection/albums_yii/protected/controllers/SiteController.php(38): CActiveRecord->count(Object(CDbCriteria))
#8 /mnt/terra/clouds/0_data/sites/php/frameworks/yii/framework/web/actions/CInlineAction.php(49): SiteController->actionIndex()
#9 /mnt/terra/clouds/0_data/sites/php/frameworks/yii/framework/web/CController.php(308): CInlineAction->runWithParams(Array)
#10 /mnt/terra/clouds/0_data/sites/php/frameworks/yii/framework/web/CController.php(286): CController->runAction(Object(CInlineAction))
#11 /mnt/terra/clouds/0_data/sites/php/frameworks/yii/framework/web/CController.php(265): CController->runActionWithFilters(Object(CInlineAction), Array)
#12 /mnt/terra/clouds/0_data/sites/php/frameworks/yii/framework/web/CWebApplication.php(282): CController->run('')
#13 /mnt/terra/clouds/0_data/sites/php/frameworks/yii/framework/web/CWebApplication.php(141): CWebApplication->runController('')
#14 /mnt/terra/clouds/0_data/sites/php/frameworks/yii/framework/base/CApplication.php(180): CWebApplication->processRequest()
#15 /mnt/terra/clouds/0_data/sites/graphic-art-collection/albums_yii/index.php(14): CApplication->run()
#16 {main}
REQUEST_URI=/sites/graphic-art-collection/albums_yii/
HTTP_REFERER=http://mycomp/sites/mydb/admin/structure/menu/manage/menu-menu4
---
2015/12/06 10:49:31 [error] [exception.CDbException] exception 'CDbException' with message 'CDbConnection failed to open the DB connection: SQLSTATE[42000] [1049] Unknown database 'albums'' in /mnt/terra/clouds/0_data/sites/php/frameworks/yii/framework/db/CDbConnection.php:382
Stack trace:
#0 /mnt/terra/clouds/0_data/sites/php/frameworks/yii/framework/db/CDbConnection.php(330): CDbConnection->open()
#1 /mnt/terra/clouds/0_data/sites/php/frameworks/yii/framework/db/CDbConnection.php(308): CDbConnection->setActive(true)
#2 /mnt/terra/clouds/0_data/sites/php/frameworks/yii/framework/base/CModule.php(387): CDbConnection->init()
#3 /mnt/terra/clouds/0_data/sites/php/frameworks/yii/framework/base/CApplication.php(450): CModule->getComponent('db')
#4 /mnt/terra/clouds/0_data/sites/php/frameworks/yii/framework/db/ar/CActiveRecord.php(634): CApplication->getDb()
#5 /mnt/terra/clouds/0_data/sites/php/frameworks/yii/framework/db/ar/CActiveRecord.php(667): CActiveRecord->getDbConnection()
#6 /mnt/terra/clouds/0_data/sites/php/frameworks/yii/framework/db/ar/CActiveRecord.php(1595): CActiveRecord->getCommandBuilder()
#7 /mnt/terra/clouds/0_data/sites/graphic-art-collection/albums_yii/protected/controllers/SiteController.php(38): CActiveRecord->count(Object(CDbCriteria))
#8 /mnt/terra/clouds/0_data/sites/php/frameworks/yii/framework/web/actions/CInlineAction.php(49): SiteController->actionIndex()
#9 /mnt/terra/clouds/0_data/sites/php/frameworks/yii/framework/web/CController.php(308): CInlineAction->runWithParams(Array)
#10 /mnt/terra/clouds/0_data/sites/php/frameworks/yii/framework/web/CController.php(286): CController->runAction(Object(CInlineAction))
#11 /mnt/terra/clouds/0_data/sites/php/frameworks/yii/framework/web/CController.php(265): CController->runActionWithFilters(Object(CInlineAction), Array)
#12 /mnt/terra/clouds/0_data/sites/php/frameworks/yii/framework/web/CWebApplication.php(282): CController->run('')
#13 /mnt/terra/clouds/0_data/sites/php/frameworks/yii/framework/web/CWebApplication.php(141): CWebApplication->runController('')
#14 /mnt/terra/clouds/0_data/sites/php/frameworks/yii/framework/base/CApplication.php(180): CWebApplication->processRequest()
#15 /mnt/terra/clouds/0_data/sites/graphic-art-collection/albums_yii/index.php(14): CApplication->run()
#16 {main}
REQUEST_URI=/sites/graphic-art-collection/albums_yii/
HTTP_REFERER=http://mycomp/sites/mydb/
---
